[debug] [2022-06-29T13:17:48.442Z] ----------------------------------------------------------------------
[debug] [2022-06-29T13:17:48.443Z] Command:       C:\Program Files\nodejs\node.exe C:\Program Files\nodejs\node_modules\firebase-tools\lib\bin\firebase.js deploy
[debug] [2022-06-29T13:17:48.444Z] CLI Version:   11.1.0
[debug] [2022-06-29T13:17:48.444Z] Platform:      win32
[debug] [2022-06-29T13:17:48.444Z] Node Version:  v16.13.1
[debug] [2022-06-29T13:17:48.445Z] Time:          Wed Jun 29 2022 15:17:48 GMT+0200 (hora de verano de Europa central)
[debug] [2022-06-29T13:17:48.445Z] ----------------------------------------------------------------------
[debug] 
[debug] [2022-06-29T13:17:48.501Z] > command requires scopes: ["email","openid","https://www.googleapis.com/auth/cloudplatformprojects.readonly","https://www.googleapis.com/auth/firebase","https://www.googleapis.com/auth/cloud-platform"]
[debug] [2022-06-29T13:17:48.501Z] > authorizing via signed-in user (pedro.nieto.sanchez@gmail.com)
[debug] [2022-06-29T13:17:48.501Z] [iam] checking project express-firebase-functions for permissions ["cloudfunctions.functions.create","cloudfunctions.functions.delete","cloudfunctions.functions.get","cloudfunctions.functions.list","cloudfunctions.functions.update","cloudfunctions.operations.get","firebase.projects.get"]
[debug] [2022-06-29T13:17:48.503Z] >>> [apiv2][query] POST https://cloudresourcemanager.googleapis.com/v1/projects/express-firebase-functions:testIamPermissions [none]
[debug] [2022-06-29T13:17:48.504Z] >>> [apiv2][body] POST https://cloudresourcemanager.googleapis.com/v1/projects/express-firebase-functions:testIamPermissions {"permissions":["cloudfunctions.functions.create","cloudfunctions.functions.delete","cloudfunctions.functions.get","cloudfunctions.functions.list","cloudfunctions.functions.update","cloudfunctions.operations.get","firebase.projects.get"]}
[debug] [2022-06-29T13:17:49.625Z] <<< [apiv2][status] POST https://cloudresourcemanager.googleapis.com/v1/projects/express-firebase-functions:testIamPermissions 200
[debug] [2022-06-29T13:17:49.625Z] <<< [apiv2][body] POST https://cloudresourcemanager.googleapis.com/v1/projects/express-firebase-functions:testIamPermissions {"permissions":["cloudfunctions.functions.create","cloudfunctions.functions.delete","cloudfunctions.functions.get","cloudfunctions.functions.list","cloudfunctions.functions.update","cloudfunctions.operations.get","firebase.projects.get"]}
[debug] [2022-06-29T13:17:49.626Z] >>> [apiv2][query] POST https://iam.googleapis.com/v1/projects/express-firebase-functions/serviceAccounts/express-firebase-functions@appspot.gserviceaccount.com:testIamPermissions [none]
[debug] [2022-06-29T13:17:49.626Z] >>> [apiv2][body] POST https://iam.googleapis.com/v1/projects/express-firebase-functions/serviceAccounts/express-firebase-functions@appspot.gserviceaccount.com:testIamPermissions {"permissions":["iam.serviceAccounts.actAs"]}
[debug] [2022-06-29T13:17:50.611Z] <<< [apiv2][status] POST https://iam.googleapis.com/v1/projects/express-firebase-functions/serviceAccounts/express-firebase-functions@appspot.gserviceaccount.com:testIamPermissions 200
[debug] [2022-06-29T13:17:50.612Z] <<< [apiv2][body] POST https://iam.googleapis.com/v1/projects/express-firebase-functions/serviceAccounts/express-firebase-functions@appspot.gserviceaccount.com:testIamPermissions {"permissions":["iam.serviceAccounts.actAs"]}
[info] 
[info] === Deploying to 'express-firebase-functions'...
[info] 
[info] i  deploying functions 
[debug] [2022-06-29T13:17:50.624Z] >>> [apiv2][query] GET https://firebase.googleapis.com/v1beta1/projects/express-firebase-functions [none]
[debug] [2022-06-29T13:17:50.983Z] <<< [apiv2][status] GET https://firebase.googleapis.com/v1beta1/projects/express-firebase-functions 200
[debug] [2022-06-29T13:17:50.983Z] <<< [apiv2][body] GET https://firebase.googleapis.com/v1beta1/projects/express-firebase-functions {"projectId":"express-firebase-functions","projectNumber":"228076214758","displayName":"express-firebase-functions","name":"projects/express-firebase-functions","resources":{"hostingSite":"express-firebase-functions"},"state":"ACTIVE"}
[info] i  functions: ensuring required API cloudfunctions.googleapis.com is enabled... 
[info] i  functions: ensuring required API cloudbuild.googleapis.com is enabled... 
[debug] [2022-06-29T13:17:50.985Z] >>> [apiv2][query] GET https://serviceusage.googleapis.com/v1/projects/express-firebase-functions/services/cloudfunctions.googleapis.com [none]
[debug] [2022-06-29T13:17:50.985Z] >>> [apiv2][query] GET https://serviceusage.googleapis.com/v1/projects/express-firebase-functions/services/runtimeconfig.googleapis.com [none]
[debug] [2022-06-29T13:17:50.986Z] >>> [apiv2][query] GET https://serviceusage.googleapis.com/v1/projects/express-firebase-functions/services/cloudbuild.googleapis.com [none]
[debug] [2022-06-29T13:17:50.987Z] >>> [apiv2][query] GET https://serviceusage.googleapis.com/v1/projects/express-firebase-functions/services/artifactregistry.googleapis.com [none]
[debug] [2022-06-29T13:17:52.173Z] <<< [apiv2][status] GET https://serviceusage.googleapis.com/v1/projects/express-firebase-functions/services/cloudbuild.googleapis.com 200
[debug] [2022-06-29T13:17:52.174Z] <<< [apiv2][body] GET https://serviceusage.googleapis.com/v1/projects/express-firebase-functions/services/cloudbuild.googleapis.com [omitted]
[info] +  functions: required API cloudbuild.googleapis.com is enabled 
[debug] [2022-06-29T13:17:52.176Z] <<< [apiv2][status] GET https://serviceusage.googleapis.com/v1/projects/express-firebase-functions/services/artifactregistry.googleapis.com 200
[debug] [2022-06-29T13:17:52.176Z] <<< [apiv2][body] GET https://serviceusage.googleapis.com/v1/projects/express-firebase-functions/services/artifactregistry.googleapis.com [omitted]
[debug] [2022-06-29T13:17:52.178Z] <<< [apiv2][status] GET https://serviceusage.googleapis.com/v1/projects/express-firebase-functions/services/runtimeconfig.googleapis.com 200
[debug] [2022-06-29T13:17:52.178Z] <<< [apiv2][body] GET https://serviceusage.googleapis.com/v1/projects/express-firebase-functions/services/runtimeconfig.googleapis.com [omitted]
[debug] [2022-06-29T13:17:52.180Z] <<< [apiv2][status] GET https://serviceusage.googleapis.com/v1/projects/express-firebase-functions/services/cloudfunctions.googleapis.com 200
[debug] [2022-06-29T13:17:52.181Z] <<< [apiv2][body] GET https://serviceusage.googleapis.com/v1/projects/express-firebase-functions/services/cloudfunctions.googleapis.com [omitted]
[info] +  functions: required API cloudfunctions.googleapis.com is enabled 
[debug] [2022-06-29T13:17:52.182Z] >>> [apiv2][query] GET https://firebase.googleapis.com/v1beta1/projects/express-firebase-functions/adminSdkConfig [none]
[debug] [2022-06-29T13:17:52.527Z] <<< [apiv2][status] GET https://firebase.googleapis.com/v1beta1/projects/express-firebase-functions/adminSdkConfig 200
[debug] [2022-06-29T13:17:52.527Z] <<< [apiv2][body] GET https://firebase.googleapis.com/v1beta1/projects/express-firebase-functions/adminSdkConfig {"projectId":"express-firebase-functions","storageBucket":"express-firebase-functions.appspot.com"}
[debug] [2022-06-29T13:17:52.528Z] >>> [apiv2][query] GET https://runtimeconfig.googleapis.com/v1beta1/projects/express-firebase-functions/configs [none]
[debug] [2022-06-29T13:17:52.936Z] <<< [apiv2][status] GET https://runtimeconfig.googleapis.com/v1beta1/projects/express-firebase-functions/configs 200
[debug] [2022-06-29T13:17:52.936Z] <<< [apiv2][body] GET https://runtimeconfig.googleapis.com/v1beta1/projects/express-firebase-functions/configs {}
[info] i  functions: preparing codebase default for deployment 
